*****************************************************************
      SolidWorks 公司 - IGES 处理器状态报告
*****************************************************************
=================================================================
总信息
=================================================================
发送系统产品 I.D.  : 零件3
接收系统产品 I.D.  : 零件3
文件名称                    : C:\Users\12909\Desktop\新建文件夹\JIQIREN DAZUOYE\工件块.IGS
发送系统              : SolidWorks 2021
预处理器版本         : SolidWorks 2021
文件生成日期          : 220629.190728
模型生成日期         : 220629.190728
单位                        : MM
模型空间比例            : 1
作者                       : 12909
组织                 : 


=================================================================
实体处理信息
=================================================================


=================================================================
IGES 文件的精度分析：
=================================================================
  有效位数的最普遍的数:              11
  有效位数的最大数:                     11
  有效位数的平均数:                10.7755
  与原点的最大距离:                          61.9181
  与原点的最小距离:                          36.2872
  有效位数的有效数:              10.4166


=================================================================
实体概要
=================================================================
-----------------------------------------------------------------
类型名称                                         记数转换
---- ----                                         ----- ---------
102  Composite curve                                 12        12
110  Line                                            24        24
126  Rational B-spline curve                         24        24
128  Rational B-spline surface                        6         6
142  Curve on a parametric surface                    6         6
144  Trimmed parametric surface                       6         6
314  Color definition                                 1         1
_________________________________________________________________


=================================================================
结果概要
=================================================================
SolidWorks 特征类型                记数
-----------------------                -----
实体特征                       1
曲面特征                     0
曲线/草图特征                0
--------------------------------------------
开始时间: 星期四, 七月 07, 2022 20:18:46
结束时间: 星期四, 七月 07, 2022 20:18:51
处理时间: 0 days, 00 hours, 00 mins, 05 secs
